<?xml version="1.0" encoding="UTF-8"?>
<!-- Generated by org.testng.reporters.JUnitReportReporter -->
<testsuite hostname="LAPTOP-HCL30J4J" failures="0" tests="1" name="com.opensource.admin.qa.TC003_Admin_AddNewUserCopy" time="13.658" errors="0" timestamp="02 jul. 2021 13:58:52 GMT" skipped="0">
  <testcase classname="com.opensource.admin.qa.TC003_Admin_AddNewUserCopy" name="TC003_Admin_AddNewUser_Script" time="13.658"/>
</testsuite> <!-- com.opensource.admin.qa.TC003_Admin_AddNewUserCopy -->
