<?xml version="1.0" encoding="UTF-8"?>
<!-- Generated by org.testng.reporters.JUnitReportReporter -->
<testsuite hostname="LAPTOP-HCL30J4J" failures="0" tests="1" name="com.opensource.admin.qa.TC003_AdminNewUser_POM" time="10.254" errors="0" timestamp="08 jul. 2021 15:59:49 GMT" skipped="0">
  <testcase classname="com.opensource.admin.qa.TC003_AdminNewUser_POM" name="TC003_AdminNewUser_POM_Script" time="10.254"/>
</testsuite> <!-- com.opensource.admin.qa.TC003_AdminNewUser_POM -->
