<?xml version="1.0" encoding="UTF-8"?>
<!-- Generated by org.testng.reporters.JUnitReportReporter -->
<testsuite hostname="LAPTOP-HCL30J4J" failures="0" tests="1" name="com.google.GoogleTest" time="3.021" errors="0" timestamp="18 jun. 2021 17:06:23 GMT" skipped="0">
  <testcase classname="com.google.GoogleTest" name="f" time="3.021"/>
</testsuite> <!-- com.google.GoogleTest -->
