<?xml version="1.0" encoding="UTF-8"?>
<!-- Generated by org.testng.reporters.JUnitReportReporter -->
<testsuite hostname="LAPTOP-HCL30J4J" failures="0" tests="1" name="com.opensource.admin.qa.TC001_AdminSearchEmployee_POM" time="7.225" errors="0" timestamp="08 jul. 2021 15:57:02 GMT" skipped="0">
  <testcase classname="com.opensource.admin.qa.TC001_AdminSearchEmployee_POM" name="TC001_AdminSearchEmployee_POM_Script" time="7.225"/>
</testsuite> <!-- com.opensource.admin.qa.TC001_AdminSearchEmployee_POM -->
