<?xml version="1.0" encoding="UTF-8"?>
<!-- Generated by org.testng.reporters.JUnitReportReporter -->
<testsuite hostname="LAPTOP-HCL30J4J" failures="0" tests="1" name="com.opensource.admin.qa.TC002_Admin_SearchEmployee_NotExist" time="9.381" errors="0" timestamp="02 jul. 2021 14:46:51 GMT" skipped="0">
  <testcase classname="com.opensource.admin.qa.TC002_Admin_SearchEmployee_NotExist" name="TC001_Admin_SearchEmployee_Script" time="9.381"/>
</testsuite> <!-- com.opensource.admin.qa.TC002_Admin_SearchEmployee_NotExist -->
