<?xml version="1.0" encoding="UTF-8"?>
<!-- Generated by org.testng.reporters.JUnitReportReporter -->
<testsuite hostname="LAPTOP-HCL30J4J" failures="0" tests="1" name="com.opensource.admin.qa.TC003_AdminNewUserCopy_POM" time="10.130" errors="0" timestamp="07 jul. 2021 16:58:47 GMT" skipped="0">
  <testcase classname="com.opensource.admin.qa.TC003_AdminNewUserCopy_POM" name="TC003_AdminNewUserCopy_POM_Script" time="10.130"/>
</testsuite> <!-- com.opensource.admin.qa.TC003_AdminNewUserCopy_POM -->
