<?xml version="1.0" encoding="UTF-8"?>
<!-- Generated by org.testng.reporters.JUnitReportReporter -->
<testsuite hostname="LAPTOP-HCL30J4J" failures="0" tests="1" name="com.opensource.admin.qa.TC005_Admin_CreateUserDisabled" time="18.420" errors="0" timestamp="08 jul. 2021 16:39:11 GMT" skipped="0">
  <testcase classname="com.opensource.admin.qa.TC005_Admin_CreateUserDisabled" name="TC004_Admin_DeleteUse_Script" time="18.420"/>
</testsuite> <!-- com.opensource.admin.qa.TC005_Admin_CreateUserDisabled -->
