<?xml version="1.0" encoding="UTF-8"?>
<!-- Generated by org.testng.reporters.JUnitReportReporter -->
<testsuite hostname="LAPTOP-HCL30J4J" failures="0" tests="2" name="com.opensource.admin.qa.TC004_Admin_DeleteUser" time="36.145" errors="0" timestamp="02 jul. 2021 14:47:48 GMT" skipped="0">
  <testcase classname="com.opensource.admin.qa.TC004_Admin_DeleteUser" name="TC004_Admin_DeleteUse_Script" time="20.526"/>
  <testcase classname="com.opensource.admin.qa.TC004_Admin_DeleteUser" name="TC003_Admin_AddNewUser_Script" time="15.619"/>
</testsuite> <!-- com.opensource.admin.qa.TC004_Admin_DeleteUser -->
