<?xml version="1.0" encoding="UTF-8"?>
<!-- Generated by org.testng.reporters.JUnitReportReporter -->
<testsuite hostname="LAPTOP-HCL30J4J" failures="0" tests="1" name="com.opensource.admin.qa.TC005_Admin_CreateUserDisabled_POM" time="11.635" errors="0" timestamp="08 jul. 2021 17:14:17 GMT" skipped="0">
  <testcase classname="com.opensource.admin.qa.TC005_Admin_CreateUserDisabled_POM" name="TC005_Admin_CreateUserDisabled_POM_Script" time="11.635"/>
</testsuite> <!-- com.opensource.admin.qa.TC005_Admin_CreateUserDisabled_POM -->
