<?xml version="1.0" encoding="UTF-8"?>
<!-- Generated by org.testng.reporters.JUnitReportReporter -->
<testsuite hostname="LAPTOP-HCL30J4J" failures="0" tests="1" name="com.opensource.admin.qa.TC001_Admin_SearchEmployee" time="9.478" errors="0" timestamp="26 jun. 2021 14:47:16 GMT" skipped="0">
  <testcase classname="com.opensource.admin.qa.TC001_Admin_SearchEmployee" name="TC001_Admin_SearchEmployee_Script" time="9.478"/>
</testsuite> <!-- com.opensource.admin.qa.TC001_Admin_SearchEmployee -->
