<?xml version="1.0" encoding="UTF-8"?>
<!-- Generated by org.testng.reporters.JUnitReportReporter -->
<testsuite hostname="LAPTOP-HCL30J4J" failures="0" tests="1" name="com.google.GoogleTest" time="2.597" errors="0" timestamp="10 jun. 2021 15:33:21 GMT" skipped="0">
  <testcase classname="com.google.GoogleTest" name="f" time="2.597"/>
</testsuite> <!-- com.google.GoogleTest -->
