<?xml version="1.0" encoding="UTF-8"?>
<!-- Generated by org.testng.reporters.JUnitReportReporter -->
<testsuite hostname="LAPTOP-HCL30J4J" failures="0" tests="1" name="com.opensource.admin.qa.TC002_Admin_SearchEmployee_NotExist_POM" time="7.389" errors="0" timestamp="07 jul. 2021 15:30:46 GMT" skipped="0">
  <testcase classname="com.opensource.admin.qa.TC002_Admin_SearchEmployee_NotExist_POM" name="TC002_Admin_SearchEmployee_NotExist_POM_Script" time="7.389"/>
</testsuite> <!-- com.opensource.admin.qa.TC002_Admin_SearchEmployee_NotExist_POM -->
